<?xml version='1.0' encoding='UTF-8'?>
<buildlog>
  <outpath>.</outpath>
  <operation>
    <module>lbuild</module>
    <source>buildlog.xml.in</source>
    <destination>project.xml.log</destination>
  </operation>
  <operation>
    <module>mcal:board</module>
    <source>../../../mcal/board/board.hpp</source>
    <destination>mcal/src/mcal/board.hpp</destination>
    <time>0.232 ms</time>
  </operation>
  <operation>
    <module>mcal:board:same70_xplained</module>
    <source>../../../mcal/board/same70_xplained/board.cfg</source>
    <destination>mcal/src/mcal/board/board.cfg</destination>
    <time>0.555 ms</time>
  </operation>
  <operation>
    <module>mcal:board:same70_xplained</module>
    <source>../../../mcal/board/same70_xplained/board.cpp</source>
    <destination>mcal/src/mcal/board/board.cpp</destination>
    <time>0.318 ms</time>
  </operation>
  <operation>
    <module>mcal:board:same70_xplained</module>
    <source>../../../mcal/board/same70_xplained/board.hpp</source>
    <destination>mcal/src/mcal/board/board.hpp</destination>
    <time>0.356 ms</time>
  </operation>
  <operation>
    <module>mcal:docs</module>
    <source>../../../docs/Doxyfile.in</source>
    <destination>mcal/docs/Doxyfile</destination>
    <time>55.315 ms</time>
  </operation>
  <operation>
    <module>mcal:docs</module>
    <source>../../../docs/Makefile</source>
    <destination>mcal/docs/Makefile</destination>
    <time>0.206 ms</time>
  </operation>
  <operation>
    <module>mcal:docs</module>
    <source>../../../docs/conf.py.in</source>
    <destination>mcal/docs/conf.py</destination>
    <time>4.430 ms</time>
  </operation>
  <operation>
    <module>mcal:docs</module>
    <source>../../../docs/index.rst</source>
    <destination>mcal/docs/index.rst</destination>
    <time>0.314 ms</time>
  </operation>
  <operation>
    <module>mcal:docs</module>
    <source>../../../docs/make.bat</source>
    <destination>mcal/docs/make.bat</destination>
    <time>0.222 ms</time>
  </operation>
  <operation>
    <module>mcal:docs</module>
    <source>../../../docs/module.rst</source>
    <destination>mcal/docs/module.rst</destination>
    <time>0.256 ms</time>
  </operation>
  <operation>
    <module>mcal:mcal</module>
    <source>../../../LICENSE</source>
    <destination>mcal/LICENSE</destination>
    <time>0.462 ms</time>
  </operation>
  <operation>
    <module>mcal:platform</module>
    <source>../../../mcal/platform/platform.hpp.in</source>
    <destination>mcal/src/mcal/platform.hpp</destination>
    <time>4.476 ms</time>
  </operation>
  <operation>
    <module>mcal:platform:dma</module>
    <source>../../../mcal/platform/dma/samx7x/base.hpp.in</source>
    <destination>mcal/src/mcal/platform/dma/base.hpp</destination>
    <time>11.993 ms</time>
  </operation>
  <operation>
    <module>mcal:platform:dma</module>
    <source>../../../mcal/platform/dma/samx7x/base_impl.hpp</source>
    <destination>mcal/src/mcal/platform/dma/base_impl.hpp</destination>
    <time>0.378 ms</time>
  </operation>
  <operation>
    <module>mcal:platform:dma</module>
    <source>../../../mcal/platform/dma/samx7x/channel.cpp</source>
    <destination>mcal/src/mcal/platform/dma/channel.cpp</destination>
    <time>0.747 ms</time>
  </operation>
  <operation>
    <module>mcal:platform:dma</module>
    <source>../../../mcal/platform/dma/samx7x/channel.hpp</source>
    <destination>mcal/src/mcal/platform/dma/channel.hpp</destination>
    <time>0.719 ms</time>
  </operation>
  <operation>
    <module>mcal:platform:dma</module>
    <source>../../../mcal/platform/dma/samx7x/channel_impl.hpp</source>
    <destination>mcal/src/mcal/platform/dma/channel_impl.hpp</destination>
    <time>0.988 ms</time>
  </operation>
  <operation>
    <module>mcal:platform:dma</module>
    <source>../../../mcal/platform/dma/samx7x/dma.cpp</source>
    <destination>mcal/src/mcal/platform/dma/dma.cpp</destination>
    <time>0.229 ms</time>
  </operation>
  <operation>
    <module>mcal:platform:dma</module>
    <source>../../../mcal/platform/dma/samx7x/dma.hpp</source>
    <destination>mcal/src/mcal/platform/dma/dma.hpp</destination>
    <time>0.279 ms</time>
  </operation>
  <operation>
    <module>mcal:platform:dma</module>
    <source>../../../mcal/platform/dma/samx7x/transfer.hpp</source>
    <destination>mcal/src/mcal/platform/dma/transfer.hpp</destination>
    <time>1.093 ms</time>
  </operation>
  <operation>
    <module>mcal:platform:dma</module>
    <source>../../../mcal/platform/dma/samx7x/transfer_impl.hpp</source>
    <destination>mcal/src/mcal/platform/dma/transfer_impl.hpp</destination>
    <time>0.513 ms</time>
  </operation>
  <operation>
    <module>modm:architecture</module>
    <source>../../../modm/src/modm/architecture/architecture.hpp</source>
    <destination>modm/src/modm/architecture.hpp</destination>
    <time>0.336 ms</time>
  </operation>
  <operation>
    <module>modm:architecture</module>
    <source>../../../modm/src/modm/architecture/detect.hpp</source>
    <destination>modm/src/modm/architecture/detect.hpp</destination>
    <time>0.342 ms</time>
  </operation>
  <operation>
    <module>modm:architecture</module>
    <source>../../../modm/src/modm/architecture/interface.hpp.in</source>
    <destination>modm/src/modm/architecture/interface.hpp</destination>
    <time>5.727 ms</time>
  </operation>
  <operation>
    <module>modm:architecture</module>
    <source>../../../modm/src/modm/architecture/interface/peripheral.hpp</source>
    <destination>modm/src/modm/architecture/interface/peripheral.hpp</destination>
    <time>0.261 ms</time>
  </operation>
  <operation>
    <module>modm:architecture</module>
    <source>../../../modm/src/modm/architecture/utils.hpp</source>
    <destination>modm/src/modm/architecture/utils.hpp</destination>
    <time>0.473 ms</time>
  </operation>
  <operation>
    <module>modm:architecture:accessor</module>
    <source>../../../modm/src/modm/architecture/interface/accessor.hpp</source>
    <destination>modm/src/modm/architecture/interface/accessor.hpp</destination>
    <time>0.424 ms</time>
  </operation>
  <operation>
    <module>modm:architecture:accessor</module>
    <source>../../../modm/src/modm/architecture/interface/accessor_flash.hpp</source>
    <destination>modm/src/modm/architecture/interface/accessor_flash.hpp</destination>
    <time>0.307 ms</time>
  </operation>
  <operation>
    <module>modm:architecture:accessor</module>
    <source>../../../modm/src/modm/architecture/interface/accessor_ram.hpp</source>
    <destination>modm/src/modm/architecture/interface/accessor_ram.hpp</destination>
    <time>0.435 ms</time>
  </operation>
  <operation>
    <module>modm:architecture:assert</module>
    <source>../../../modm/src/modm/architecture/interface/assert.h.in</source>
    <destination>modm/src/modm/architecture/interface/assert.h</destination>
    <time>7.669 ms</time>
  </operation>
  <operation>
    <module>modm:architecture:assert</module>
    <source>../../../modm/src/modm/architecture/interface/assert.hpp.in</source>
    <destination>modm/src/modm/architecture/interface/assert.hpp</destination>
    <time>3.471 ms</time>
  </operation>
  <operation>
    <module>modm:architecture:atomic</module>
    <source>../../../modm/src/modm/architecture/driver/atomic.hpp</source>
    <destination>modm/src/modm/architecture/driver/atomic.hpp</destination>
    <time>0.236 ms</time>
  </operation>
  <operation>
    <module>modm:architecture:atomic</module>
    <source>../../../modm/src/modm/architecture/driver/atomic/container.hpp</source>
    <destination>modm/src/modm/architecture/driver/atomic/container.hpp</destination>
    <time>0.147 ms</time>
  </operation>
  <operation>
    <module>modm:architecture:atomic</module>
    <source>../../../modm/src/modm/architecture/driver/atomic/flag.cpp</source>
    <destination>modm/src/modm/architecture/driver/atomic/flag.cpp</destination>
    <time>0.155 ms</time>
  </operation>
  <operation>
    <module>modm:architecture:atomic</module>
    <source>../../../modm/src/modm/architecture/driver/atomic/flag.hpp</source>
    <destination>modm/src/modm/architecture/driver/atomic/flag.hpp</destination>
    <time>0.147 ms</time>
  </operation>
  <operation>
    <module>modm:architecture:atomic</module>
    <source>../../../modm/src/modm/architecture/driver/atomic/queue.hpp</source>
    <destination>modm/src/modm/architecture/driver/atomic/queue.hpp</destination>
    <time>0.180 ms</time>
  </operation>
  <operation>
    <module>modm:architecture:atomic</module>
    <source>../../../modm/src/modm/architecture/driver/atomic/queue_impl.hpp</source>
    <destination>modm/src/modm/architecture/driver/atomic/queue_impl.hpp</destination>
    <time>0.177 ms</time>
  </operation>
  <operation>
    <module>modm:architecture:atomic</module>
    <source>../../../modm/src/modm/architecture/interface/atomic_lock.hpp</source>
    <destination>modm/src/modm/architecture/interface/atomic_lock.hpp</destination>
    <time>0.277 ms</time>
  </operation>
  <operation>
    <module>modm:architecture:clock</module>
    <source>../../../modm/src/modm/architecture/interface/clock.hpp</source>
    <destination>modm/src/modm/architecture/interface/clock.hpp</destination>
    <time>1.114 ms</time>
  </operation>
  <operation>
    <module>modm:architecture:delay</module>
    <source>../../../modm/src/modm/architecture/interface/delay.hpp</source>
    <destination>modm/src/modm/architecture/interface/delay.hpp</destination>
    <time>0.281 ms</time>
  </operation>
  <operation>
    <module>modm:architecture:gpio</module>
    <source>../../../modm/src/modm/architecture/interface/gpio.hpp</source>
    <destination>modm/src/modm/architecture/interface/gpio.hpp</destination>
    <time>0.353 ms</time>
  </operation>
  <operation>
    <module>modm:architecture:interrupt</module>
    <source>../../../modm/src/modm/architecture/interface/interrupt.hpp</source>
    <destination>modm/src/modm/architecture/interface/interrupt.hpp</destination>
    <time>0.297 ms</time>
  </operation>
  <operation>
    <module>modm:architecture:register</module>
    <source>../../../modm/src/modm/architecture/interface/register.hpp</source>
    <destination>modm/src/modm/architecture/interface/register.hpp</destination>
    <time>0.778 ms</time>
  </operation>
  <operation>
    <module>modm:architecture:uart</module>
    <source>../../../modm/src/modm/architecture/interface/uart.hpp</source>
    <destination>modm/src/modm/architecture/interface/uart.hpp</destination>
    <time>0.285 ms</time>
  </operation>
  <operation>
    <module>modm:build</module>
    <source>../../../modm/tools/build_script_generator/gdbinit.in</source>
    <destination>modm/gdbinit</destination>
    <time>2.069 ms</time>
  </operation>
  <operation>
    <module>modm:build</module>
    <source>../../../modm/tools/build_script_generator/openocd.cfg.in</source>
    <destination>modm/openocd.cfg</destination>
    <time>6.373 ms</time>
  </operation>
  <operation>
    <module>modm:build</module>
    <source>../../../modm/tools/build_script_generator/probe_gdbinit.in</source>
    <destination>modm/gdbinit_bmp</destination>
    <time>0.349 ms</time>
  </operation>
  <operation>
    <module>modm:build</module>
    <source>../../../modm/tools/build_script_generator/probe_gdbinit.in</source>
    <destination>modm/gdbinit_jlink</destination>
    <time>0.516 ms</time>
  </operation>
  <operation>
    <module>modm:build</module>
    <source>../../../modm/tools/build_script_generator/probe_gdbinit.in</source>
    <destination>modm/gdbinit_openocd</destination>
    <time>3.053 ms</time>
  </operation>
  <operation>
    <module>modm:build</module>
    <source>../../../modm/tools/modm_tools/__init__.py.in</source>
    <destination>modm/modm_tools/__init__.py</destination>
    <time>6.276 ms</time>
  </operation>
  <operation>
    <module>modm:build</module>
    <source>../../../modm/tools/modm_tools/backend.py</source>
    <destination>modm/modm_tools/backend.py</destination>
    <time>0.194 ms</time>
  </operation>
  <operation>
    <module>modm:build</module>
    <source>../../../modm/tools/modm_tools/bmp.py</source>
    <destination>modm/modm_tools/bmp.py</destination>
    <time>0.173 ms</time>
  </operation>
  <operation>
    <module>modm:build</module>
    <source>../../../modm/tools/modm_tools/bossac.py</source>
    <destination>modm/modm_tools/bossac.py</destination>
    <time>0.174 ms</time>
  </operation>
  <operation>
    <module>modm:build</module>
    <source>../../../modm/tools/modm_tools/build_id.py</source>
    <destination>modm/modm_tools/build_id.py</destination>
    <time>0.191 ms</time>
  </operation>
  <operation>
    <module>modm:build</module>
    <source>../../../modm/tools/modm_tools/crashdebug.py</source>
    <destination>modm/modm_tools/crashdebug.py</destination>
    <time>0.163 ms</time>
  </operation>
  <operation>
    <module>modm:build</module>
    <source>../../../modm/tools/modm_tools/elf2uf2.py</source>
    <destination>modm/modm_tools/elf2uf2.py</destination>
    <time>0.618 ms</time>
  </operation>
  <operation>
    <module>modm:build</module>
    <source>../../../modm/tools/modm_tools/find_files.py</source>
    <destination>modm/modm_tools/find_files.py</destination>
    <time>0.543 ms</time>
  </operation>
  <operation>
    <module>modm:build</module>
    <source>../../../modm/tools/modm_tools/gdb.py</source>
    <destination>modm/modm_tools/gdb.py</destination>
    <time>0.450 ms</time>
  </operation>
  <operation>
    <module>modm:build</module>
    <source>../../../modm/tools/modm_tools/itm.py</source>
    <destination>modm/modm_tools/itm.py</destination>
    <time>0.794 ms</time>
  </operation>
  <operation>
    <module>modm:build</module>
    <source>../../../modm/tools/modm_tools/jlink.py</source>
    <destination>modm/modm_tools/jlink.py</destination>
    <time>0.209 ms</time>
  </operation>
  <operation>
    <module>modm:build</module>
    <source>../../../modm/tools/modm_tools/openocd.py</source>
    <destination>modm/modm_tools/openocd.py</destination>
    <time>0.539 ms</time>
  </operation>
  <operation>
    <module>modm:build</module>
    <source>../../../modm/tools/modm_tools/rtt.py</source>
    <destination>modm/modm_tools/rtt.py</destination>
    <time>0.253 ms</time>
  </operation>
  <operation>
    <module>modm:build</module>
    <source>../../../modm/tools/modm_tools/size.py</source>
    <destination>modm/modm_tools/size.py</destination>
    <time>0.362 ms</time>
  </operation>
  <operation>
    <module>modm:build</module>
    <source>../../../modm/tools/modm_tools/utils.py</source>
    <destination>modm/modm_tools/utils.py</destination>
    <time>0.546 ms</time>
  </operation>
  <operation>
    <module>modm:build:scons</module>
    <source>../../../modm/tools/build_script_generator/scons/resources/SConscript.in</source>
    <destination>mcal/SConscript</destination>
    <time>31.049 ms</time>
  </operation>
  <operation>
    <module>modm:build:scons</module>
    <source>../../../modm/tools/build_script_generator/scons/resources/SConscript.in</source>
    <destination>modm/SConscript</destination>
    <time>73.500 ms</time>
  </operation>
  <operation>
    <module>modm:build:scons</module>
    <source>../../../modm/tools/build_script_generator/scons/resources/SConstruct.in</source>
    <destination>SConstruct</destination>
    <time>9.980 ms</time>
  </operation>
  <operation>
    <module>modm:build:scons</module>
    <source>../../../modm/tools/build_script_generator/scons/resources/build_target.py.in</source>
    <destination>modm/scons/site_tools/build_target.py</destination>
    <time>12.147 ms</time>
  </operation>
  <operation>
    <module>modm:build:scons</module>
    <source>../../../modm/tools/build_script_generator/scons/site_tools/artifact.py</source>
    <destination>modm/scons/site_tools/artifact.py</destination>
    <time>0.181 ms</time>
  </operation>
  <operation>
    <module>modm:build:scons</module>
    <source>../../../modm/tools/build_script_generator/scons/site_tools/bmp.py</source>
    <destination>modm/scons/site_tools/bmp.py</destination>
    <time>0.205 ms</time>
  </operation>
  <operation>
    <module>modm:build:scons</module>
    <source>../../../modm/tools/build_script_generator/scons/site_tools/bossac.py</source>
    <destination>modm/scons/site_tools/bossac.py</destination>
    <time>0.459 ms</time>
  </operation>
  <operation>
    <module>modm:build:scons</module>
    <source>../../../modm/tools/build_script_generator/scons/site_tools/comstr.py</source>
    <destination>modm/scons/site_tools/comstr.py</destination>
    <time>0.427 ms</time>
  </operation>
  <operation>
    <module>modm:build:scons</module>
    <source>../../../modm/tools/build_script_generator/scons/site_tools/crashdebug.py</source>
    <destination>modm/scons/site_tools/crashdebug.py</destination>
    <time>0.363 ms</time>
  </operation>
  <operation>
    <module>modm:build:scons</module>
    <source>../../../modm/tools/build_script_generator/scons/site_tools/dfu.py</source>
    <destination>modm/scons/site_tools/dfu.py</destination>
    <time>0.361 ms</time>
  </operation>
  <operation>
    <module>modm:build:scons</module>
    <source>../../../modm/tools/build_script_generator/scons/site_tools/elf2uf2.py</source>
    <destination>modm/scons/site_tools/elf2uf2.py</destination>
    <time>0.214 ms</time>
  </operation>
  <operation>
    <module>modm:build:scons</module>
    <source>../../../modm/tools/build_script_generator/scons/site_tools/find_files.py</source>
    <destination>modm/scons/site_tools/find_files.py</destination>
    <time>0.271 ms</time>
  </operation>
  <operation>
    <module>modm:build:scons</module>
    <source>../../../modm/tools/build_script_generator/scons/site_tools/gcc_retarget.py</source>
    <destination>modm/scons/site_tools/gcc_retarget.py</destination>
    <time>0.387 ms</time>
  </operation>
  <operation>
    <module>modm:build:scons</module>
    <source>../../../modm/tools/build_script_generator/scons/site_tools/gdb.py</source>
    <destination>modm/scons/site_tools/gdb.py</destination>
    <time>0.330 ms</time>
  </operation>
  <operation>
    <module>modm:build:scons</module>
    <source>../../../modm/tools/build_script_generator/scons/site_tools/jlink.py</source>
    <destination>modm/scons/site_tools/jlink.py</destination>
    <time>0.187 ms</time>
  </operation>
  <operation>
    <module>modm:build:scons</module>
    <source>../../../modm/tools/build_script_generator/scons/site_tools/openocd.py</source>
    <destination>modm/scons/site_tools/openocd.py</destination>
    <time>0.348 ms</time>
  </operation>
  <operation>
    <module>modm:build:scons</module>
    <source>../../../modm/tools/build_script_generator/scons/site_tools/qtcreator.py</source>
    <destination>modm/scons/site_tools/qtcreator.py</destination>
    <time>0.278 ms</time>
  </operation>
  <operation>
    <module>modm:build:scons</module>
    <source>../../../modm/tools/build_script_generator/scons/site_tools/qtcreator/project.config.in</source>
    <destination>modm/scons/site_tools/qtcreator/project.config.in</destination>
    <time>0.132 ms</time>
  </operation>
  <operation>
    <module>modm:build:scons</module>
    <source>../../../modm/tools/build_script_generator/scons/site_tools/qtcreator/project.creator.in</source>
    <destination>modm/scons/site_tools/qtcreator/project.creator.in</destination>
    <time>0.152 ms</time>
  </operation>
  <operation>
    <module>modm:build:scons</module>
    <source>../../../modm/tools/build_script_generator/scons/site_tools/qtcreator/project.files.in</source>
    <destination>modm/scons/site_tools/qtcreator/project.files.in</destination>
    <time>0.396 ms</time>
  </operation>
  <operation>
    <module>modm:build:scons</module>
    <source>../../../modm/tools/build_script_generator/scons/site_tools/qtcreator/project.includes.in</source>
    <destination>modm/scons/site_tools/qtcreator/project.includes.in</destination>
    <time>0.340 ms</time>
  </operation>
  <operation>
    <module>modm:build:scons</module>
    <source>../../../modm/tools/build_script_generator/scons/site_tools/size.py</source>
    <destination>modm/scons/site_tools/size.py</destination>
    <time>0.325 ms</time>
  </operation>
  <operation>
    <module>modm:build:scons</module>
    <source>../../../modm/tools/build_script_generator/scons/site_tools/template.py</source>
    <destination>modm/scons/site_tools/template.py</destination>
    <time>0.436 ms</time>
  </operation>
  <operation>
    <module>modm:build:scons</module>
    <source>../../../modm/tools/build_script_generator/scons/site_tools/utils.py</source>
    <destination>modm/scons/site_tools/utils.py</destination>
    <time>0.248 ms</time>
  </operation>
  <operation>
    <module>modm:build:scons</module>
    <source>../../../modm/tools/build_script_generator/scons/site_tools/utils_buildpath.py</source>
    <destination>modm/scons/site_tools/utils_buildpath.py</destination>
    <time>0.370 ms</time>
  </operation>
  <operation>
    <module>modm:cmsis:core</module>
    <source>../../../modm/ext/arm/cmsis/CMSIS/Core/Include/cachel1_armv7.h</source>
    <destination>modm/ext/cmsis/core/cachel1_armv7.h</destination>
    <time>0.172 ms</time>
  </operation>
  <operation>
    <module>modm:cmsis:core</module>
    <source>../../../modm/ext/arm/cmsis/CMSIS/Core/Include/cmsis_compiler.h</source>
    <destination>modm/ext/cmsis/core/cmsis_compiler.h</destination>
    <time>0.294 ms</time>
  </operation>
  <operation>
    <module>modm:cmsis:core</module>
    <source>../../../modm/ext/arm/cmsis/CMSIS/Core/Include/cmsis_gcc.h</source>
    <destination>modm/ext/cmsis/core/cmsis_gcc.h</destination>
    <time>0.449 ms</time>
  </operation>
  <operation>
    <module>modm:cmsis:core</module>
    <source>../../../modm/ext/arm/cmsis/CMSIS/Core/Include/cmsis_version.h</source>
    <destination>modm/ext/cmsis/core/cmsis_version.h</destination>
    <time>0.290 ms</time>
  </operation>
  <operation>
    <module>modm:cmsis:core</module>
    <source>../../../modm/ext/arm/cmsis/CMSIS/Core/Include/core_cm7.h</source>
    <destination>modm/ext/cmsis/core/core_cm7.h</destination>
    <time>0.771 ms</time>
  </operation>
  <operation>
    <module>modm:cmsis:core</module>
    <source>../../../modm/ext/arm/cmsis/CMSIS/Core/Include/mpu_armv7.h</source>
    <destination>modm/ext/cmsis/core/mpu_armv7.h</destination>
    <time>0.276 ms</time>
  </operation>
  <operation>
    <module>modm:cmsis:device</module>
    <source>../../../modm/ext/microchip/device.hpp.in</source>
    <destination>modm/src/modm/platform/device.hpp</destination>
    <time>3.085 ms</time>
  </operation>
  <operation>
    <module>modm:cmsis:device</module>
    <source>../../../modm/ext/microchip/sam/same70a/include/component-version.h</source>
    <destination>modm/ext/cmsis/device/component-version.h</destination>
    <time>0.740 ms</time>
  </operation>
  <operation>
    <module>modm:cmsis:device</module>
    <source>../../../modm/ext/microchip/sam/same70a/include/component/acc.h</source>
    <destination>modm/ext/cmsis/device/component/acc.h</destination>
    <time>0.211 ms</time>
  </operation>
  <operation>
    <module>modm:cmsis:device</module>
    <source>../../../modm/ext/microchip/sam/same70a/include/component/aes.h</source>
    <destination>modm/ext/cmsis/device/component/aes.h</destination>
    <time>0.244 ms</time>
  </operation>
  <operation>
    <module>modm:cmsis:device</module>
    <source>../../../modm/ext/microchip/sam/same70a/include/component/afec.h</source>
    <destination>modm/ext/cmsis/device/component/afec.h</destination>
    <time>0.481 ms</time>
  </operation>
  <operation>
    <module>modm:cmsis:device</module>
    <source>../../../modm/ext/microchip/sam/same70a/include/component/chipid.h</source>
    <destination>modm/ext/cmsis/device/component/chipid.h</destination>
    <time>0.195 ms</time>
  </operation>
  <operation>
    <module>modm:cmsis:device</module>
    <source>../../../modm/ext/microchip/sam/same70a/include/component/dacc.h</source>
    <destination>modm/ext/cmsis/device/component/dacc.h</destination>
    <time>0.513 ms</time>
  </operation>
  <operation>
    <module>modm:cmsis:device</module>
    <source>../../../modm/ext/microchip/sam/same70a/include/component/efc.h</source>
    <destination>modm/ext/cmsis/device/component/efc.h</destination>
    <time>0.636 ms</time>
  </operation>
  <operation>
    <module>modm:cmsis:device</module>
    <source>../../../modm/ext/microchip/sam/same70a/include/component/gmac.h</source>
    <destination>modm/ext/cmsis/device/component/gmac.h</destination>
    <time>1.811 ms</time>
  </operation>
  <operation>
    <module>modm:cmsis:device</module>
    <source>../../../modm/ext/microchip/sam/same70a/include/component/gpbr.h</source>
    <destination>modm/ext/cmsis/device/component/gpbr.h</destination>
    <time>0.332 ms</time>
  </operation>
  <operation>
    <module>modm:cmsis:device</module>
    <source>../../../modm/ext/microchip/sam/same70a/include/component/hsmci.h</source>
    <destination>modm/ext/cmsis/device/component/hsmci.h</destination>
    <time>0.465 ms</time>
  </operation>
  <operation>
    <module>modm:cmsis:device</module>
    <source>../../../modm/ext/microchip/sam/same70a/include/component/icm.h</source>
    <destination>modm/ext/cmsis/device/component/icm.h</destination>
    <time>0.366 ms</time>
  </operation>
  <operation>
    <module>modm:cmsis:device</module>
    <source>../../../modm/ext/microchip/sam/same70a/include/component/isi.h</source>
    <destination>modm/ext/cmsis/device/component/isi.h</destination>
    <time>1.611 ms</time>
  </operation>
  <operation>
    <module>modm:cmsis:device</module>
    <source>../../../modm/ext/microchip/sam/same70a/include/component/matrix.h</source>
    <destination>modm/ext/cmsis/device/component/matrix.h</destination>
    <time>0.207 ms</time>
  </operation>
  <operation>
    <module>modm:cmsis:device</module>
    <source>../../../modm/ext/microchip/sam/same70a/include/component/mcan.h</source>
    <destination>modm/ext/cmsis/device/component/mcan.h</destination>
    <time>1.150 ms</time>
  </operation>
  <operation>
    <module>modm:cmsis:device</module>
    <source>../../../modm/ext/microchip/sam/same70a/include/component/pio.h</source>
    <destination>modm/ext/cmsis/device/component/pio.h</destination>
    <time>3.476 ms</time>
  </operation>
  <operation>
    <module>modm:cmsis:device</module>
    <source>../../../modm/ext/microchip/sam/same70a/include/component/pmc.h</source>
    <destination>modm/ext/cmsis/device/component/pmc.h</destination>
    <time>0.484 ms</time>
  </operation>
  <operation>
    <module>modm:cmsis:device</module>
    <source>../../../modm/ext/microchip/sam/same70a/include/component/pwm.h</source>
    <destination>modm/ext/cmsis/device/component/pwm.h</destination>
    <time>0.475 ms</time>
  </operation>
  <operation>
    <module>modm:cmsis:device</module>
    <source>../../../modm/ext/microchip/sam/same70a/include/component/qspi.h</source>
    <destination>modm/ext/cmsis/device/component/qspi.h</destination>
    <time>0.479 ms</time>
  </operation>
  <operation>
    <module>modm:cmsis:device</module>
    <source>../../../modm/ext/microchip/sam/same70a/include/component/rstc.h</source>
    <destination>modm/ext/cmsis/device/component/rstc.h</destination>
    <time>0.234 ms</time>
  </operation>
  <operation>
    <module>modm:cmsis:device</module>
    <source>../../../modm/ext/microchip/sam/same70a/include/component/rswdt.h</source>
    <destination>modm/ext/cmsis/device/component/rswdt.h</destination>
    <time>0.656 ms</time>
  </operation>
  <operation>
    <module>modm:cmsis:device</module>
    <source>../../../modm/ext/microchip/sam/same70a/include/component/rtc.h</source>
    <destination>modm/ext/cmsis/device/component/rtc.h</destination>
    <time>0.223 ms</time>
  </operation>
  <operation>
    <module>modm:cmsis:device</module>
    <source>../../../modm/ext/microchip/sam/same70a/include/component/rtt.h</source>
    <destination>modm/ext/cmsis/device/component/rtt.h</destination>
    <time>0.432 ms</time>
  </operation>
  <operation>
    <module>modm:cmsis:device</module>
    <source>../../../modm/ext/microchip/sam/same70a/include/component/sdramc.h</source>
    <destination>modm/ext/cmsis/device/component/sdramc.h</destination>
    <time>0.198 ms</time>
  </operation>
  <operation>
    <module>modm:cmsis:device</module>
    <source>../../../modm/ext/microchip/sam/same70a/include/component/smc.h</source>
    <destination>modm/ext/cmsis/device/component/smc.h</destination>
    <time>0.208 ms</time>
  </operation>
  <operation>
    <module>modm:cmsis:device</module>
    <source>../../../modm/ext/microchip/sam/same70a/include/component/spi.h</source>
    <destination>modm/ext/cmsis/device/component/spi.h</destination>
    <time>0.220 ms</time>
  </operation>
  <operation>
    <module>modm:cmsis:device</module>
    <source>../../../modm/ext/microchip/sam/same70a/include/component/ssc.h</source>
    <destination>modm/ext/cmsis/device/component/ssc.h</destination>
    <time>0.272 ms</time>
  </operation>
  <operation>
    <module>modm:cmsis:device</module>
    <source>../../../modm/ext/microchip/sam/same70a/include/component/supc.h</source>
    <destination>modm/ext/cmsis/device/component/supc.h</destination>
    <time>0.886 ms</time>
  </operation>
  <operation>
    <module>modm:cmsis:device</module>
    <source>../../../modm/ext/microchip/sam/same70a/include/component/tc.h</source>
    <destination>modm/ext/cmsis/device/component/tc.h</destination>
    <time>0.249 ms</time>
  </operation>
  <operation>
    <module>modm:cmsis:device</module>
    <source>../../../modm/ext/microchip/sam/same70a/include/component/trng.h</source>
    <destination>modm/ext/cmsis/device/component/trng.h</destination>
    <time>0.151 ms</time>
  </operation>
  <operation>
    <module>modm:cmsis:device</module>
    <source>../../../modm/ext/microchip/sam/same70a/include/component/twihs.h</source>
    <destination>modm/ext/cmsis/device/component/twihs.h</destination>
    <time>0.725 ms</time>
  </operation>
  <operation>
    <module>modm:cmsis:device</module>
    <source>../../../modm/ext/microchip/sam/same70a/include/component/uart.h</source>
    <destination>modm/ext/cmsis/device/component/uart.h</destination>
    <time>0.242 ms</time>
  </operation>
  <operation>
    <module>modm:cmsis:device</module>
    <source>../../../modm/ext/microchip/sam/same70a/include/component/usart.h</source>
    <destination>modm/ext/cmsis/device/component/usart.h</destination>
    <time>0.813 ms</time>
  </operation>
  <operation>
    <module>modm:cmsis:device</module>
    <source>../../../modm/ext/microchip/sam/same70a/include/component/usbhs.h</source>
    <destination>modm/ext/cmsis/device/component/usbhs.h</destination>
    <time>0.516 ms</time>
  </operation>
  <operation>
    <module>modm:cmsis:device</module>
    <source>../../../modm/ext/microchip/sam/same70a/include/component/utmi.h</source>
    <destination>modm/ext/cmsis/device/component/utmi.h</destination>
    <time>0.226 ms</time>
  </operation>
  <operation>
    <module>modm:cmsis:device</module>
    <source>../../../modm/ext/microchip/sam/same70a/include/component/wdt.h</source>
    <destination>modm/ext/cmsis/device/component/wdt.h</destination>
    <time>0.308 ms</time>
  </operation>
  <operation>
    <module>modm:cmsis:device</module>
    <source>../../../modm/ext/microchip/sam/same70a/include/component/xdmac.h</source>
    <destination>modm/ext/cmsis/device/component/xdmac.h</destination>
    <time>0.495 ms</time>
  </operation>
  <operation>
    <module>modm:cmsis:device</module>
    <source>../../../modm/ext/microchip/sam/same70a/include/instance/acc.h</source>
    <destination>modm/ext/cmsis/device/instance/acc.h</destination>
    <time>0.161 ms</time>
  </operation>
  <operation>
    <module>modm:cmsis:device</module>
    <source>../../../modm/ext/microchip/sam/same70a/include/instance/aes.h</source>
    <destination>modm/ext/cmsis/device/instance/aes.h</destination>
    <time>0.124 ms</time>
  </operation>
  <operation>
    <module>modm:cmsis:device</module>
    <source>../../../modm/ext/microchip/sam/same70a/include/instance/afec0.h</source>
    <destination>modm/ext/cmsis/device/instance/afec0.h</destination>
    <time>0.130 ms</time>
  </operation>
  <operation>
    <module>modm:cmsis:device</module>
    <source>../../../modm/ext/microchip/sam/same70a/include/instance/afec1.h</source>
    <destination>modm/ext/cmsis/device/instance/afec1.h</destination>
    <time>0.128 ms</time>
  </operation>
  <operation>
    <module>modm:cmsis:device</module>
    <source>../../../modm/ext/microchip/sam/same70a/include/instance/chipid.h</source>
    <destination>modm/ext/cmsis/device/instance/chipid.h</destination>
    <time>0.288 ms</time>
  </operation>
  <operation>
    <module>modm:cmsis:device</module>
    <source>../../../modm/ext/microchip/sam/same70a/include/instance/dacc.h</source>
    <destination>modm/ext/cmsis/device/instance/dacc.h</destination>
    <time>0.266 ms</time>
  </operation>
  <operation>
    <module>modm:cmsis:device</module>
    <source>../../../modm/ext/microchip/sam/same70a/include/instance/efc.h</source>
    <destination>modm/ext/cmsis/device/instance/efc.h</destination>
    <time>0.118 ms</time>
  </operation>
  <operation>
    <module>modm:cmsis:device</module>
    <source>../../../modm/ext/microchip/sam/same70a/include/instance/gmac.h</source>
    <destination>modm/ext/cmsis/device/instance/gmac.h</destination>
    <time>0.296 ms</time>
  </operation>
  <operation>
    <module>modm:cmsis:device</module>
    <source>../../../modm/ext/microchip/sam/same70a/include/instance/gpbr.h</source>
    <destination>modm/ext/cmsis/device/instance/gpbr.h</destination>
    <time>0.170 ms</time>
  </operation>
  <operation>
    <module>modm:cmsis:device</module>
    <source>../../../modm/ext/microchip/sam/same70a/include/instance/hsmci.h</source>
    <destination>modm/ext/cmsis/device/instance/hsmci.h</destination>
    <time>0.253 ms</time>
  </operation>
  <operation>
    <module>modm:cmsis:device</module>
    <source>../../../modm/ext/microchip/sam/same70a/include/instance/icm.h</source>
    <destination>modm/ext/cmsis/device/instance/icm.h</destination>
    <time>0.124 ms</time>
  </operation>
  <operation>
    <module>modm:cmsis:device</module>
    <source>../../../modm/ext/microchip/sam/same70a/include/instance/isi.h</source>
    <destination>modm/ext/cmsis/device/instance/isi.h</destination>
    <time>0.195 ms</time>
  </operation>
  <operation>
    <module>modm:cmsis:device</module>
    <source>../../../modm/ext/microchip/sam/same70a/include/instance/matrix.h</source>
    <destination>modm/ext/cmsis/device/instance/matrix.h</destination>
    <time>0.293 ms</time>
  </operation>
  <operation>
    <module>modm:cmsis:device</module>
    <source>../../../modm/ext/microchip/sam/same70a/include/instance/mcan0.h</source>
    <destination>modm/ext/cmsis/device/instance/mcan0.h</destination>
    <time>0.298 ms</time>
  </operation>
  <operation>
    <module>modm:cmsis:device</module>
    <source>../../../modm/ext/microchip/sam/same70a/include/instance/mcan1.h</source>
    <destination>modm/ext/cmsis/device/instance/mcan1.h</destination>
    <time>0.178 ms</time>
  </operation>
  <operation>
    <module>modm:cmsis:device</module>
    <source>../../../modm/ext/microchip/sam/same70a/include/instance/pioa.h</source>
    <destination>modm/ext/cmsis/device/instance/pioa.h</destination>
    <time>0.193 ms</time>
  </operation>
  <operation>
    <module>modm:cmsis:device</module>
    <source>../../../modm/ext/microchip/sam/same70a/include/instance/piob.h</source>
    <destination>modm/ext/cmsis/device/instance/piob.h</destination>
    <time>0.150 ms</time>
  </operation>
  <operation>
    <module>modm:cmsis:device</module>
    <source>../../../modm/ext/microchip/sam/same70a/include/instance/pioc.h</source>
    <destination>modm/ext/cmsis/device/instance/pioc.h</destination>
    <time>0.288 ms</time>
  </operation>
  <operation>
    <module>modm:cmsis:device</module>
    <source>../../../modm/ext/microchip/sam/same70a/include/instance/piod.h</source>
    <destination>modm/ext/cmsis/device/instance/piod.h</destination>
    <time>0.195 ms</time>
  </operation>
  <operation>
    <module>modm:cmsis:device</module>
    <source>../../../modm/ext/microchip/sam/same70a/include/instance/pioe.h</source>
    <destination>modm/ext/cmsis/device/instance/pioe.h</destination>
    <time>0.128 ms</time>
  </operation>
  <operation>
    <module>modm:cmsis:device</module>
    <source>../../../modm/ext/microchip/sam/same70a/include/instance/pmc.h</source>
    <destination>modm/ext/cmsis/device/instance/pmc.h</destination>
    <time>0.577 ms</time>
  </operation>
  <operation>
    <module>modm:cmsis:device</module>
    <source>../../../modm/ext/microchip/sam/same70a/include/instance/pwm0.h</source>
    <destination>modm/ext/cmsis/device/instance/pwm0.h</destination>
    <time>0.137 ms</time>
  </operation>
  <operation>
    <module>modm:cmsis:device</module>
    <source>../../../modm/ext/microchip/sam/same70a/include/instance/pwm1.h</source>
    <destination>modm/ext/cmsis/device/instance/pwm1.h</destination>
    <time>0.140 ms</time>
  </operation>
  <operation>
    <module>modm:cmsis:device</module>
    <source>../../../modm/ext/microchip/sam/same70a/include/instance/qspi.h</source>
    <destination>modm/ext/cmsis/device/instance/qspi.h</destination>
    <time>0.147 ms</time>
  </operation>
  <operation>
    <module>modm:cmsis:device</module>
    <source>../../../modm/ext/microchip/sam/same70a/include/instance/rstc.h</source>
    <destination>modm/ext/cmsis/device/instance/rstc.h</destination>
    <time>1.269 ms</time>
  </operation>
  <operation>
    <module>modm:cmsis:device</module>
    <source>../../../modm/ext/microchip/sam/same70a/include/instance/rswdt.h</source>
    <destination>modm/ext/cmsis/device/instance/rswdt.h</destination>
    <time>0.139 ms</time>
  </operation>
  <operation>
    <module>modm:cmsis:device</module>
    <source>../../../modm/ext/microchip/sam/same70a/include/instance/rtc.h</source>
    <destination>modm/ext/cmsis/device/instance/rtc.h</destination>
    <time>0.219 ms</time>
  </operation>
  <operation>
    <module>modm:cmsis:device</module>
    <source>../../../modm/ext/microchip/sam/same70a/include/instance/rtt.h</source>
    <destination>modm/ext/cmsis/device/instance/rtt.h</destination>
    <time>0.209 ms</time>
  </operation>
  <operation>
    <module>modm:cmsis:device</module>
    <source>../../../modm/ext/microchip/sam/same70a/include/instance/sdramc.h</source>
    <destination>modm/ext/cmsis/device/instance/sdramc.h</destination>
    <time>0.153 ms</time>
  </operation>
  <operation>
    <module>modm:cmsis:device</module>
    <source>../../../modm/ext/microchip/sam/same70a/include/instance/smc.h</source>
    <destination>modm/ext/cmsis/device/instance/smc.h</destination>
    <time>0.207 ms</time>
  </operation>
  <operation>
    <module>modm:cmsis:device</module>
    <source>../../../modm/ext/microchip/sam/same70a/include/instance/spi0.h</source>
    <destination>modm/ext/cmsis/device/instance/spi0.h</destination>
    <time>0.125 ms</time>
  </operation>
  <operation>
    <module>modm:cmsis:device</module>
    <source>../../../modm/ext/microchip/sam/same70a/include/instance/spi1.h</source>
    <destination>modm/ext/cmsis/device/instance/spi1.h</destination>
    <time>0.197 ms</time>
  </operation>
  <operation>
    <module>modm:cmsis:device</module>
    <source>../../../modm/ext/microchip/sam/same70a/include/instance/ssc.h</source>
    <destination>modm/ext/cmsis/device/instance/ssc.h</destination>
    <time>0.223 ms</time>
  </operation>
  <operation>
    <module>modm:cmsis:device</module>
    <source>../../../modm/ext/microchip/sam/same70a/include/instance/supc.h</source>
    <destination>modm/ext/cmsis/device/instance/supc.h</destination>
    <time>0.172 ms</time>
  </operation>
  <operation>
    <module>modm:cmsis:device</module>
    <source>../../../modm/ext/microchip/sam/same70a/include/instance/tc0.h</source>
    <destination>modm/ext/cmsis/device/instance/tc0.h</destination>
    <time>0.212 ms</time>
  </operation>
  <operation>
    <module>modm:cmsis:device</module>
    <source>../../../modm/ext/microchip/sam/same70a/include/instance/tc1.h</source>
    <destination>modm/ext/cmsis/device/instance/tc1.h</destination>
    <time>0.169 ms</time>
  </operation>
  <operation>
    <module>modm:cmsis:device</module>
    <source>../../../modm/ext/microchip/sam/same70a/include/instance/tc2.h</source>
    <destination>modm/ext/cmsis/device/instance/tc2.h</destination>
    <time>0.124 ms</time>
  </operation>
  <operation>
    <module>modm:cmsis:device</module>
    <source>../../../modm/ext/microchip/sam/same70a/include/instance/tc3.h</source>
    <destination>modm/ext/cmsis/device/instance/tc3.h</destination>
    <time>0.125 ms</time>
  </operation>
  <operation>
    <module>modm:cmsis:device</module>
    <source>../../../modm/ext/microchip/sam/same70a/include/instance/trng.h</source>
    <destination>modm/ext/cmsis/device/instance/trng.h</destination>
    <time>0.193 ms</time>
  </operation>
  <operation>
    <module>modm:cmsis:device</module>
    <source>../../../modm/ext/microchip/sam/same70a/include/instance/twihs0.h</source>
    <destination>modm/ext/cmsis/device/instance/twihs0.h</destination>
    <time>0.233 ms</time>
  </operation>
  <operation>
    <module>modm:cmsis:device</module>
    <source>../../../modm/ext/microchip/sam/same70a/include/instance/twihs1.h</source>
    <destination>modm/ext/cmsis/device/instance/twihs1.h</destination>
    <time>0.183 ms</time>
  </operation>
  <operation>
    <module>modm:cmsis:device</module>
    <source>../../../modm/ext/microchip/sam/same70a/include/instance/twihs2.h</source>
    <destination>modm/ext/cmsis/device/instance/twihs2.h</destination>
    <time>0.183 ms</time>
  </operation>
  <operation>
    <module>modm:cmsis:device</module>
    <source>../../../modm/ext/microchip/sam/same70a/include/instance/uart0.h</source>
    <destination>modm/ext/cmsis/device/instance/uart0.h</destination>
    <time>0.134 ms</time>
  </operation>
  <operation>
    <module>modm:cmsis:device</module>
    <source>../../../modm/ext/microchip/sam/same70a/include/instance/uart1.h</source>
    <destination>modm/ext/cmsis/device/instance/uart1.h</destination>
    <time>0.203 ms</time>
  </operation>
  <operation>
    <module>modm:cmsis:device</module>
    <source>../../../modm/ext/microchip/sam/same70a/include/instance/uart2.h</source>
    <destination>modm/ext/cmsis/device/instance/uart2.h</destination>
    <time>0.188 ms</time>
  </operation>
  <operation>
    <module>modm:cmsis:device</module>
    <source>../../../modm/ext/microchip/sam/same70a/include/instance/uart3.h</source>
    <destination>modm/ext/cmsis/device/instance/uart3.h</destination>
    <time>0.186 ms</time>
  </operation>
  <operation>
    <module>modm:cmsis:device</module>
    <source>../../../modm/ext/microchip/sam/same70a/include/instance/uart4.h</source>
    <destination>modm/ext/cmsis/device/instance/uart4.h</destination>
    <time>0.184 ms</time>
  </operation>
  <operation>
    <module>modm:cmsis:device</module>
    <source>../../../modm/ext/microchip/sam/same70a/include/instance/usart0.h</source>
    <destination>modm/ext/cmsis/device/instance/usart0.h</destination>
    <time>0.151 ms</time>
  </operation>
  <operation>
    <module>modm:cmsis:device</module>
    <source>../../../modm/ext/microchip/sam/same70a/include/instance/usart1.h</source>
    <destination>modm/ext/cmsis/device/instance/usart1.h</destination>
    <time>0.193 ms</time>
  </operation>
  <operation>
    <module>modm:cmsis:device</module>
    <source>../../../modm/ext/microchip/sam/same70a/include/instance/usart2.h</source>
    <destination>modm/ext/cmsis/device/instance/usart2.h</destination>
    <time>0.124 ms</time>
  </operation>
  <operation>
    <module>modm:cmsis:device</module>
    <source>../../../modm/ext/microchip/sam/same70a/include/instance/usbhs.h</source>
    <destination>modm/ext/cmsis/device/instance/usbhs.h</destination>
    <time>0.266 ms</time>
  </operation>
  <operation>
    <module>modm:cmsis:device</module>
    <source>../../../modm/ext/microchip/sam/same70a/include/instance/utmi.h</source>
    <destination>modm/ext/cmsis/device/instance/utmi.h</destination>
    <time>0.178 ms</time>
  </operation>
  <operation>
    <module>modm:cmsis:device</module>
    <source>../../../modm/ext/microchip/sam/same70a/include/instance/wdt.h</source>
    <destination>modm/ext/cmsis/device/instance/wdt.h</destination>
    <time>0.133 ms</time>
  </operation>
  <operation>
    <module>modm:cmsis:device</module>
    <source>../../../modm/ext/microchip/sam/same70a/include/instance/xdmac.h</source>
    <destination>modm/ext/cmsis/device/instance/xdmac.h</destination>
    <time>0.250 ms</time>
  </operation>
  <operation>
    <module>modm:cmsis:device</module>
    <source>../../../modm/ext/microchip/sam/same70a/include/pio/same70j19.h</source>
    <destination>modm/ext/cmsis/device/pio/same70j19.h</destination>
    <time>0.394 ms</time>
  </operation>
  <operation>
    <module>modm:cmsis:device</module>
    <source>../../../modm/ext/microchip/sam/same70a/include/pio/same70j20.h</source>
    <destination>modm/ext/cmsis/device/pio/same70j20.h</destination>
    <time>0.482 ms</time>
  </operation>
  <operation>
    <module>modm:cmsis:device</module>
    <source>../../../modm/ext/microchip/sam/same70a/include/pio/same70j21.h</source>
    <destination>modm/ext/cmsis/device/pio/same70j21.h</destination>
    <time>0.900 ms</time>
  </operation>
  <operation>
    <module>modm:cmsis:device</module>
    <source>../../../modm/ext/microchip/sam/same70a/include/pio/same70n19.h</source>
    <destination>modm/ext/cmsis/device/pio/same70n19.h</destination>
    <time>0.357 ms</time>
  </operation>
  <operation>
    <module>modm:cmsis:device</module>
    <source>../../../modm/ext/microchip/sam/same70a/include/pio/same70n20.h</source>
    <destination>modm/ext/cmsis/device/pio/same70n20.h</destination>
    <time>0.570 ms</time>
  </operation>
  <operation>
    <module>modm:cmsis:device</module>
    <source>../../../modm/ext/microchip/sam/same70a/include/pio/same70n21.h</source>
    <destination>modm/ext/cmsis/device/pio/same70n21.h</destination>
    <time>0.514 ms</time>
  </operation>
  <operation>
    <module>modm:cmsis:device</module>
    <source>../../../modm/ext/microchip/sam/same70a/include/pio/same70q19.h</source>
    <destination>modm/ext/cmsis/device/pio/same70q19.h</destination>
    <time>1.504 ms</time>
  </operation>
  <operation>
    <module>modm:cmsis:device</module>
    <source>../../../modm/ext/microchip/sam/same70a/include/pio/same70q20.h</source>
    <destination>modm/ext/cmsis/device/pio/same70q20.h</destination>
    <time>1.117 ms</time>
  </operation>
  <operation>
    <module>modm:cmsis:device</module>
    <source>../../../modm/ext/microchip/sam/same70a/include/pio/same70q21.h</source>
    <destination>modm/ext/cmsis/device/pio/same70q21.h</destination>
    <time>0.811 ms</time>
  </operation>
  <operation>
    <module>modm:cmsis:device</module>
    <source>../../../modm/ext/microchip/sam/same70a/include/sam.h</source>
    <destination>modm/ext/cmsis/device/sam.h</destination>
    <time>0.449 ms</time>
  </operation>
  <operation>
    <module>modm:cmsis:device</module>
    <source>../../../modm/ext/microchip/sam/same70a/include/same70q21.h</source>
    <destination>modm/ext/cmsis/device/same70q21.h</destination>
    <time>0.341 ms</time>
  </operation>
  <operation>
    <module>modm:debug</module>
    <source>../../../modm/src/modm/debug/debug.hpp</source>
    <destination>modm/src/modm/debug.hpp</destination>
    <time>0.290 ms</time>
  </operation>
  <operation>
    <module>modm:debug</module>
    <source>../../../modm/src/modm/debug/debug.hpp</source>
    <destination>modm/src/modm/debug/debug.hpp</destination>
    <time>0.142 ms</time>
  </operation>
  <operation>
    <module>modm:debug</module>
    <source>../../../modm/src/modm/debug/logger.hpp</source>
    <destination>modm/src/modm/debug/logger.hpp</destination>
    <time>0.148 ms</time>
  </operation>
  <operation>
    <module>modm:debug</module>
    <source>../../../modm/src/modm/debug/logger/level.hpp</source>
    <destination>modm/src/modm/debug/logger/level.hpp</destination>
    <time>0.144 ms</time>
  </operation>
  <operation>
    <module>modm:debug</module>
    <source>../../../modm/src/modm/debug/logger/logger.hpp</source>
    <destination>modm/src/modm/debug/logger/logger.hpp</destination>
    <time>0.154 ms</time>
  </operation>
  <operation>
    <module>modm:debug</module>
    <source>../../../modm/src/modm/debug/logger/style.hpp</source>
    <destination>modm/src/modm/debug/logger/style.hpp</destination>
    <time>0.155 ms</time>
  </operation>
  <operation>
    <module>modm:debug</module>
    <source>../../../modm/src/modm/debug/logger/style/prefix.hpp</source>
    <destination>modm/src/modm/debug/logger/style/prefix.hpp</destination>
    <time>0.140 ms</time>
  </operation>
  <operation>
    <module>modm:debug</module>
    <source>../../../modm/src/modm/debug/logger/style/prefix_impl.hpp</source>
    <destination>modm/src/modm/debug/logger/style/prefix_impl.hpp</destination>
    <time>0.120 ms</time>
  </operation>
  <operation>
    <module>modm:debug</module>
    <source>../../../modm/src/modm/debug/logger/style/std_colour.hpp</source>
    <destination>modm/src/modm/debug/logger/style/std_colour.hpp</destination>
    <time>0.222 ms</time>
  </operation>
  <operation>
    <module>modm:debug</module>
    <source>../../../modm/src/modm/debug/logger/style/std_colour_impl.hpp</source>
    <destination>modm/src/modm/debug/logger/style/std_colour_impl.hpp</destination>
    <time>0.132 ms</time>
  </operation>
  <operation>
    <module>modm:debug</module>
    <source>../../../modm/src/modm/debug/logger/style_impl.hpp</source>
    <destination>modm/src/modm/debug/logger/style_impl.hpp</destination>
    <time>0.148 ms</time>
  </operation>
  <operation>
    <module>modm:debug</module>
    <source>../../../modm/src/modm/debug/logger/style_wrapper.hpp</source>
    <destination>modm/src/modm/debug/logger/style_wrapper.hpp</destination>
    <time>0.145 ms</time>
  </operation>
  <operation>
    <module>modm:debug</module>
    <source>../../../modm/src/modm/debug/module.md</source>
    <destination>modm/src/modm/debug/module.md</destination>
    <time>0.146 ms</time>
  </operation>
  <operation>
    <module>modm:io</module>
    <source>../../../modm/src/modm/io/io.hpp</source>
    <destination>modm/src/modm/io.hpp</destination>
    <time>0.394 ms</time>
  </operation>
  <operation>
    <module>modm:io</module>
    <source>../../../modm/src/modm/io/iodevice.hpp</source>
    <destination>modm/src/modm/io/iodevice.hpp</destination>
    <time>0.213 ms</time>
  </operation>
  <operation>
    <module>modm:io</module>
    <source>../../../modm/src/modm/io/iodevice_wrapper.hpp</source>
    <destination>modm/src/modm/io/iodevice_wrapper.hpp</destination>
    <time>0.144 ms</time>
  </operation>
  <operation>
    <module>modm:io</module>
    <source>../../../modm/src/modm/io/iostream.cpp</source>
    <destination>modm/src/modm/io/iostream.cpp</destination>
    <time>0.154 ms</time>
  </operation>
  <operation>
    <module>modm:io</module>
    <source>../../../modm/src/modm/io/iostream.hpp.in</source>
    <destination>modm/src/modm/io/iostream.hpp</destination>
    <time>12.183 ms</time>
  </operation>
  <operation>
    <module>modm:io</module>
    <source>../../../modm/src/modm/io/iostream_printf.cpp.in</source>
    <destination>modm/src/modm/io/iostream_printf.cpp</destination>
    <time>15.139 ms</time>
  </operation>
  <operation>
    <module>modm:io</module>
    <source>../../../modm/src/modm/io/module.md</source>
    <destination>modm/src/modm/io/module.md</destination>
    <time>0.150 ms</time>
  </operation>
  <operation>
    <module>modm:math</module>
    <source>../../../modm/src/modm/math/math.hpp.in</source>
    <destination>modm/src/modm/math.hpp</destination>
    <time>3.037 ms</time>
  </operation>
  <operation>
    <module>modm:math</module>
    <source>../../../modm/src/modm/math/tolerance.hpp</source>
    <destination>modm/src/modm/math/tolerance.hpp</destination>
    <time>0.333 ms</time>
  </operation>
  <operation>
    <module>modm:math:algorithm</module>
    <source>../../../modm/src/modm/math/algorithm.hpp</source>
    <destination>modm/src/modm/math/algorithm.hpp</destination>
    <time>0.901 ms</time>
  </operation>
  <operation>
    <module>modm:math:algorithm</module>
    <source>../../../modm/src/modm/math/algorithm/enumerate.hpp</source>
    <destination>modm/src/modm/math/algorithm/enumerate.hpp</destination>
    <time>0.215 ms</time>
  </operation>
  <operation>
    <module>modm:math:algorithm</module>
    <source>../../../modm/src/modm/math/algorithm/prescaler.hpp</source>
    <destination>modm/src/modm/math/algorithm/prescaler.hpp</destination>
    <time>0.546 ms</time>
  </operation>
  <operation>
    <module>modm:math:algorithm</module>
    <source>../../../modm/src/modm/math/algorithm/range.hpp</source>
    <destination>modm/src/modm/math/algorithm/range.hpp</destination>
    <time>0.420 ms</time>
  </operation>
  <operation>
    <module>modm:math:units</module>
    <source>../../../modm/src/modm/math/units.hpp</source>
    <destination>modm/src/modm/math/units.hpp</destination>
    <time>1.287 ms</time>
  </operation>
  <operation>
    <module>modm:math:utils</module>
    <source>../../../modm/src/modm/math/utils.hpp</source>
    <destination>modm/src/modm/math/utils.hpp</destination>
    <time>0.204 ms</time>
  </operation>
  <operation>
    <module>modm:math:utils</module>
    <source>../../../modm/src/modm/math/utils/arithmetic_traits.hpp</source>
    <destination>modm/src/modm/math/utils/arithmetic_traits.hpp</destination>
    <time>0.168 ms</time>
  </operation>
  <operation>
    <module>modm:math:utils</module>
    <source>../../../modm/src/modm/math/utils/bit_constants.hpp</source>
    <destination>modm/src/modm/math/utils/bit_constants.hpp</destination>
    <time>0.140 ms</time>
  </operation>
  <operation>
    <module>modm:math:utils</module>
    <source>../../../modm/src/modm/math/utils/bit_operation.cpp</source>
    <destination>modm/src/modm/math/utils/bit_operation.cpp</destination>
    <time>0.173 ms</time>
  </operation>
  <operation>
    <module>modm:math:utils</module>
    <source>../../../modm/src/modm/math/utils/bit_operation.hpp</source>
    <destination>modm/src/modm/math/utils/bit_operation.hpp</destination>
    <time>0.214 ms</time>
  </operation>
  <operation>
    <module>modm:math:utils</module>
    <source>../../../modm/src/modm/math/utils/crc.hpp</source>
    <destination>modm/src/modm/math/utils/crc.hpp</destination>
    <time>0.710 ms</time>
  </operation>
  <operation>
    <module>modm:math:utils</module>
    <source>../../../modm/src/modm/math/utils/endianness.hpp</source>
    <destination>modm/src/modm/math/utils/endianness.hpp</destination>
    <time>0.306 ms</time>
  </operation>
  <operation>
    <module>modm:math:utils</module>
    <source>../../../modm/src/modm/math/utils/integer_traits.hpp</source>
    <destination>modm/src/modm/math/utils/integer_traits.hpp</destination>
    <time>0.132 ms</time>
  </operation>
  <operation>
    <module>modm:math:utils</module>
    <source>../../../modm/src/modm/math/utils/misc.hpp</source>
    <destination>modm/src/modm/math/utils/misc.hpp</destination>
    <time>0.157 ms</time>
  </operation>
  <operation>
    <module>modm:math:utils</module>
    <source>../../../modm/src/modm/math/utils/operator.hpp</source>
    <destination>modm/src/modm/math/utils/operator.hpp</destination>
    <time>0.145 ms</time>
  </operation>
  <operation>
    <module>modm:math:utils</module>
    <source>../../../modm/src/modm/math/utils/operator_impl.hpp</source>
    <destination>modm/src/modm/math/utils/operator_impl.hpp</destination>
    <time>0.741 ms</time>
  </operation>
  <operation>
    <module>modm:math:utils</module>
    <source>../../../modm/src/modm/math/utils/pc/operator.cpp</source>
    <destination>modm/src/modm/math/utils/pc/operator.cpp</destination>
    <time>0.265 ms</time>
  </operation>
  <operation>
    <module>modm:platform</module>
    <source>../../../modm/src/modm/platform/platform.hpp.in</source>
    <destination>modm/src/modm/platform.hpp</destination>
    <time>2.939 ms</time>
  </operation>
  <operation>
    <module>modm:platform:clock</module>
    <source>../../../modm/src/modm/platform/clock/systick/systick_timer.cpp.in</source>
    <destination>modm/src/modm/platform/clock/systick_timer.cpp</destination>
    <time>5.369 ms</time>
  </operation>
  <operation>
    <module>modm:platform:clock</module>
    <source>../../../modm/src/modm/platform/clock/systick/systick_timer.hpp.in</source>
    <destination>modm/src/modm/platform/clock/systick_timer.hpp</destination>
    <time>6.964 ms</time>
  </operation>
  <operation>
    <module>modm:platform:clockgen</module>
    <source>../../../modm/src/modm/platform/clock/sam_pmc/clockgen.cpp.in</source>
    <destination>modm/src/modm/platform/clock/clockgen.cpp</destination>
    <time>5.956 ms</time>
  </operation>
  <operation>
    <module>modm:platform:clockgen</module>
    <source>../../../modm/src/modm/platform/clock/sam_pmc/clockgen.hpp.in</source>
    <destination>modm/src/modm/platform/clock/clockgen.hpp</destination>
    <time>10.534 ms</time>
  </operation>
  <operation>
    <module>modm:platform:clockgen</module>
    <source>../../../modm/src/modm/platform/clock/sam_pmc/clockgen_impl.hpp.in</source>
    <destination>modm/src/modm/platform/clock/clockgen_impl.hpp</destination>
    <time>11.145 ms</time>
  </operation>
  <operation>
    <module>modm:platform:core</module>
    <source>../../../modm/src/modm/platform/core/cortex/delay_impl.hpp.in</source>
    <destination>modm/src/modm/platform/core/delay_impl.hpp</destination>
    <time>2.823 ms</time>
  </operation>
  <operation>
    <module>modm:platform:core</module>
    <source>../../../modm/src/modm/platform/core/cortex/delay_ns.cpp.in</source>
    <destination>modm/src/modm/platform/core/delay_ns.cpp</destination>
    <time>2.828 ms</time>
  </operation>
  <operation>
    <module>modm:platform:core</module>
    <source>../../../modm/src/modm/platform/core/cortex/delay_ns.hpp.in</source>
    <destination>modm/src/modm/platform/core/delay_ns.hpp</destination>
    <time>1.640 ms</time>
  </operation>
  <operation>
    <module>modm:platform:core</module>
    <source>../../../modm/src/modm/platform/core/cortex/ram.ld.in</source>
    <destination>modm/link/linkerscript.ld</destination>
    <time>59.402 ms</time>
  </operation>
  <operation>
    <module>modm:platform:core</module>
    <source>../../../modm/src/modm/platform/core/sam/startup_platform.c.in</source>
    <destination>modm/src/modm/platform/core/startup_platform.c</destination>
    <time>4.638 ms</time>
  </operation>
  <operation>
    <module>modm:platform:cortex-m</module>
    <source>../../../modm/src/modm/platform/core/cortex/assert.cpp.in</source>
    <destination>modm/src/modm/platform/core/assert.cpp</destination>
    <time>12.261 ms</time>
  </operation>
  <operation>
    <module>modm:platform:cortex-m</module>
    <source>../../../modm/src/modm/platform/core/cortex/assert_impl.hpp.in</source>
    <destination>modm/src/modm/platform/core/assert_impl.hpp</destination>
    <time>2.639 ms</time>
  </operation>
  <operation>
    <module>modm:platform:cortex-m</module>
    <source>../../../modm/src/modm/platform/core/cortex/atomic_lock_impl.hpp.in</source>
    <destination>modm/src/modm/platform/core/atomic_lock_impl.hpp</destination>
    <time>1.737 ms</time>
  </operation>
  <operation>
    <module>modm:platform:cortex-m</module>
    <source>../../../modm/src/modm/platform/core/cortex/delay.cpp.in</source>
    <destination>modm/src/modm/platform/core/delay.cpp</destination>
    <time>1.889 ms</time>
  </operation>
  <operation>
    <module>modm:platform:cortex-m</module>
    <source>../../../modm/src/modm/platform/core/cortex/flash_reader_impl.hpp</source>
    <destination>modm/src/modm/platform/core/flash_reader_impl.hpp</destination>
    <time>0.247 ms</time>
  </operation>
  <operation>
    <module>modm:platform:cortex-m</module>
    <source>../../../modm/src/modm/platform/core/cortex/hardware_init.hpp</source>
    <destination>modm/src/modm/platform/core/hardware_init.hpp</destination>
    <time>0.262 ms</time>
  </operation>
  <operation>
    <module>modm:platform:cortex-m</module>
    <source>../../../modm/src/modm/platform/core/cortex/reset_handler.sx.in</source>
    <destination>modm/src/modm/platform/core/reset_handler.sx</destination>
    <time>3.068 ms</time>
  </operation>
  <operation>
    <module>modm:platform:cortex-m</module>
    <source>../../../modm/src/modm/platform/core/cortex/startup.c.in</source>
    <destination>modm/src/modm/platform/core/startup.c</destination>
    <time>5.339 ms</time>
  </operation>
  <operation>
    <module>modm:platform:cortex-m</module>
    <source>../../../modm/src/modm/platform/core/cortex/vectors.c.in</source>
    <destination>modm/src/modm/platform/core/vectors.c</destination>
    <time>8.181 ms</time>
  </operation>
  <operation>
    <module>modm:platform:cortex-m</module>
    <source>../../../modm/src/modm/platform/core/cortex/vectors.hpp.in</source>
    <destination>modm/src/modm/platform/core/vectors.hpp</destination>
    <time>11.308 ms</time>
  </operation>
  <operation>
    <module>modm:platform:cortex-m</module>
    <source>../../../modm/src/modm/platform/heap/cortex/no_heap.c.in</source>
    <destination>modm/src/modm/platform/core/no_heap.c</destination>
    <time>1.303 ms</time>
  </operation>
  <operation>
    <module>modm:platform:gpio</module>
    <source>../../../modm/src/modm/platform/gpio/common/inverted.hpp</source>
    <destination>modm/src/modm/platform/gpio/inverted.hpp</destination>
    <time>0.319 ms</time>
  </operation>
  <operation>
    <module>modm:platform:gpio</module>
    <source>../../../modm/src/modm/platform/gpio/sam/config.hpp.in</source>
    <destination>modm/src/modm/platform/gpio/config.hpp</destination>
    <time>51.000 ms</time>
  </operation>
  <operation>
    <module>modm:platform:gpio</module>
    <source>../../../modm/src/modm/platform/gpio/sam/connector.hpp</source>
    <destination>modm/src/modm/platform/gpio/connector.hpp</destination>
    <time>0.733 ms</time>
  </operation>
  <operation>
    <module>modm:platform:gpio</module>
    <source>../../../modm/src/modm/platform/gpio/sam/enable.cpp.in</source>
    <destination>modm/src/modm/platform/gpio/enable.cpp</destination>
    <time>6.989 ms</time>
  </operation>
  <operation>
    <module>modm:platform:gpio</module>
    <source>../../../modm/src/modm/platform/gpio/sam/pin.hpp.in</source>
    <destination>modm/src/modm/platform/gpio/pin.hpp</destination>
    <time>33.395 ms</time>
  </operation>
  <operation>
    <module>modm:platform:gpio</module>
    <source>../../../modm/src/modm/platform/gpio/sam/software_port.hpp.in</source>
    <destination>modm/src/modm/platform/gpio/software_port.hpp</destination>
    <time>18.506 ms</time>
  </operation>
  <operation>
    <module>modm:platform:gpio</module>
    <source>../../../modm/src/modm/platform/gpio/sam/unused.hpp</source>
    <destination>modm/src/modm/platform/gpio/unused.hpp</destination>
    <time>0.523 ms</time>
  </operation>
  <operation>
    <module>modm:platform:usart</module>
    <source>../../../modm/src/modm/platform/uart/sam/uart_base.hpp.in</source>
    <destination>modm/src/modm/platform/usart/usart_base.hpp</destination>
    <time>2.750 ms</time>
  </operation>
  <operation>
    <module>modm:platform:usart:1</module>
    <source>../../../modm/src/modm/platform/uart/sam/uart.cpp.in</source>
    <destination>modm/src/modm/platform/usart/usart_1.cpp</destination>
    <time>9.958 ms</time>
  </operation>
  <operation>
    <module>modm:platform:usart:1</module>
    <source>../../../modm/src/modm/platform/uart/sam/uart.hpp.in</source>
    <destination>modm/src/modm/platform/usart/usart_1.hpp</destination>
    <time>31.218 ms</time>
  </operation>
  <operation>
    <module>modm:printf</module>
    <source>../../../modm/ext/eyalroz/printf/src/printf/printf.c</source>
    <destination>modm/ext/printf/printf.c</destination>
    <time>0.499 ms</time>
  </operation>
  <operation>
    <module>modm:printf</module>
    <source>../../../modm/ext/eyalroz/printf/src/printf/printf.h</source>
    <destination>modm/ext/printf/printf.h</destination>
    <time>0.664 ms</time>
  </operation>
  <operation>
    <module>modm:printf</module>
    <source>../../../modm/ext/eyalroz/printf_config.h.in</source>
    <destination>modm/ext/printf/printf_config.h</destination>
    <time>3.606 ms</time>
  </operation>
  <operation>
    <module>modm:stdc</module>
    <source>../../../modm/ext/gcc/cabi_cortex.c</source>
    <destination>modm/ext/gcc/cabi.c</destination>
    <time>0.359 ms</time>
  </operation>
  <operation>
    <module>modm:stdc++</module>
    <source>../../../modm/ext/gcc/cxxabi.cpp.in</source>
    <destination>modm/ext/gcc/cxxabi.cpp</destination>
    <time>2.234 ms</time>
  </operation>
  <operation>
    <module>modm:stdc++</module>
    <source>../../../modm/ext/gcc/new_delete.cpp.in</source>
    <destination>modm/ext/gcc/new_delete.cpp</destination>
    <time>5.535 ms</time>
  </operation>
  <operation>
    <module>modm:utils</module>
    <source>../../../modm/src/modm/utils/aligned_storage.hpp</source>
    <destination>modm/src/modm/utils/aligned_storage.hpp</destination>
    <time>0.142 ms</time>
  </operation>
  <operation>
    <module>modm:utils</module>
    <source>../../../modm/src/modm/utils/allocator.hpp</source>
    <destination>modm/src/modm/utils/allocator.hpp</destination>
    <time>0.189 ms</time>
  </operation>
  <operation>
    <module>modm:utils</module>
    <source>../../../modm/src/modm/utils/inplace_any.hpp</source>
    <destination>modm/src/modm/utils/inplace_any.hpp</destination>
    <time>0.173 ms</time>
  </operation>
  <operation>
    <module>modm:utils</module>
    <source>../../../modm/src/modm/utils/inplace_function.hpp</source>
    <destination>modm/src/modm/utils/inplace_function.hpp</destination>
    <time>0.154 ms</time>
  </operation>
  <operation>
    <module>modm:utils</module>
    <source>../../../modm/src/modm/utils/type_traits.hpp</source>
    <destination>modm/src/modm/utils/type_traits.hpp</destination>
    <time>0.216 ms</time>
  </operation>
  <operation>
    <module>modm:utils</module>
    <source>../../../modm/src/modm/utils/utils.hpp</source>
    <destination>modm/src/modm/utils.hpp</destination>
    <time>0.256 ms</time>
  </operation>
</buildlog>
